<?xml version="1.0" encoding="UTF-8"?>
<testsuite xmlns:xsi="http://www.w3.org/2001/XMLSchema-instance" xsi:noNamespaceSchemaLocation="https://maven.apache.org/surefire/maven-surefire-plugin/xsd/surefire-test-report-3.0.xsd" version="3.0" name="StudentListTests" time="0.07" tests="11" errors="0" skipped="0" failures="0">
  <properties>
[...]
</properties>
  <testcase name="testEditStudentGrade" classname="StudentListTests" time="0.02"/>
  <testcase name="testAddStudentThrowsExceptionForDuplicateId" classname="StudentListTests" time="0.015"/>
  <testcase name="testFindStudentById" classname="StudentListTests" time="0.0"/>
  <testcase name="testAddStudent" classname="StudentListTests" time="0.0"/>
  <testcase name="testEditStudentData" classname="StudentListTests" time="0.0"/>
  <testcase name="testFindStudentByIdReturnsNullWhenNotFound" classname="StudentListTests" time="0.015"/>
  <testcase name="testRemoveStudentDoesNotThrowExceptionWhenNotFound" classname="StudentListTests" time="0.003"/>
  <testcase name="testAddGradeToStudent" classname="StudentListTests" time="0.0"/>
  <testcase name="testRemoveStudent" classname="StudentListTests" time="0.0"/>
  <testcase name="testAddGradeToStudentThrowsExceptionForInvalidGradeFormat" classname="StudentListTests" time="0.0"/>
  <testcase name="testRemoveGradeFromStudent" classname="StudentListTests" time="0.0"/>
</testsuite>